
SQL*Loader: Release 19.0.0.0.0 - Production on Mon Apr 4 01:58:22 2022
Version 19.5.0.0.0

Copyright (c) 1982, 2019, Oracle and/or its affiliates.  All rights reserved.

Control File:   ./ligas/insert_liga.ctl
Data File:      ./ligas/liga.csv
  Bad File:     ./ligas/liga.bad
  Discard File:  none specified
 
 (Allow all discards)

Number to load: ALL
Number to skip: 0
Errors allowed: 50
Bind array:     250 rows, maximum of 1048576 bytes
Continuation:    none specified
Path used:      Conventional

Table LIGA, loaded from every logical record.
Insert option in effect for this table: INSERT

   Column Name                  Position   Len  Term Encl Datatype
------------------------------ ---------- ----- ---- ---- ---------------------
CLVLIGA                             FIRST     *   ,  O(') CHARACTER            


Table LIGA:
  4 Rows successfully loaded.
  0 Rows not loaded due to data errors.
  0 Rows not loaded because all WHEN clauses were failed.
  0 Rows not loaded because all fields were null.


Space allocated for bind array:                  64500 bytes(250 rows)
Read   buffer bytes: 1048576

Total logical records skipped:          0
Total logical records read:             4
Total logical records rejected:         0
Total logical records discarded:        0

Run began on Mon Apr 04 01:58:22 2022
Run ended on Mon Apr 04 01:58:29 2022

Elapsed time was:     00:00:07.24
CPU time was:         00:00:00.03
