


ARM Macro Assembler    Page 1 


    1 00000000         ;
    2 00000000         ;    Proyecto Hardware
    3 00000000         ;    Práctica 1
    4 00000000         ;
    5 00000000         ;    Fichero: conecta4_buscar_alineamiento_arm.s
    6 00000000         ;
    7 00000000         ;    Autores:
    8 00000000         ;        Dorian Boleslaw Wozniak   (817570@unizar.es)
    9 00000000         ;        Pablo Latre Villacampa    (778543@unizar.es)
   10 00000000         ;
   11 00000000         ;    Descripción: Implementación de la función buscar
                       _alineamiento en código ensamblador
   12 00000000         ;     basada en la implementación dada en conecta4_2022
                       .c
   13 00000000         
   14 00000000                 AREA             datos, DATA
   15 00000000         
   16 00000000         ; Constantes
   17 00000000 00000006 
                       NUM_FILAS
                               EQU              6
   18 00000000 00000007 
                       NUM_COLUMNAS
                               EQU              7
   19 00000000 00000001 
                       PADDING_FIL
                               EQU              1
   20 00000000 00000001 
                       PADDING_COL
                               EQU              1
   21 00000000 00000007 
                       TAM_FILS
                               EQU              NUM_FILAS + PADDING_FIL
   22 00000000 00000008 
                       TAM_COLS
                               EQU              NUM_COLUMNAS + PADDING_COL
   23 00000000         
   24 00000000 00000004 
                       CELDA_VACIA
                               EQU              0x04
   25 00000000 00000003 
                       CELDA_COLOR
                               EQU              0x03
   26 00000000         
   27 00000000 00000000 
                       FALSE   EQU              0
   28 00000000 00000001 
                       TRUE    EQU              1
   29 00000000         
   30 00000000                 AREA             codigo, CODE
   31 00000000         
   32 00000000                 EXPORT           conecta4_buscar_alineamiento_ar
m
   33 00000000         
   34 00000000         ;   Entrada:
   35 00000000         ;       r0 -> @cuadricula
   36 00000000         ;       r1 -> fila
   37 00000000         ;       r2 -> columna
   38 00000000         ;       r3 -> color



ARM Macro Assembler    Page 2 


   39 00000000         ;       (en pila) @SP + 4 -> *deltas_fila[i]
   40 00000000         ;       (en pila) @SP + 8 -> *deltas_columna[i]
   41 00000000         ;
   42 00000000         ;   Salida:
   43 00000000         ;       r0 <- longuitud linea
   44 00000000         ;
   45 00000000         ;   Descripción:
   46 00000000         ;       Devuelve el número de celdas del mismo color co
                       nsecutivas en
   47 00000000         ;       la línea recta dada por delta_fila y delta_colu
                       mna a partir de 
   48 00000000         ;       cuadricula[fila][columna]
   49 00000000         conecta4_buscar_alineamiento_arm
   50 00000000         ; Prologo
   51 00000000 E1A0C00D        mov              r12, r13
   52 00000004 E92DDFF0        stmdb            r13!, { r4 - r10, r11, r12, r14
, r15 }
   53 00000008 E24CB004        sub              r11, r12, #4
   54 0000000C         
   55 0000000C         ;   Bloque de activación:
   56 0000000C         ;
   57 0000000C         ;   SP  -> | r4 - r10          | buscar_alineamiento
   58 0000000C         ;          | FP anterior    |
   59 0000000C         ;          | SP anterior       |
   60 0000000C         ;          | LR anterior       |
   61 0000000C         ;   FP -> | PC anterior    |
   62 0000000C         ;          | ----------------- |
   63 0000000C         ;          | delta_fila[i]     | hay_linea
   64 0000000C         ;          | delta_columna[i]  |
   65 0000000C         
   66 0000000C         ; Mueve parametros a registros variables
   67 0000000C E1A04000        mov              r4, r0      ; r4 = @cuadricula
   68 00000010 E1A05001        mov              r5, r1      ; r5 = fila
   69 00000014 E1A06002        mov              r6, r2      ; r6 = columna
   70 00000018 E1A07003        mov              r7, r3      ; r7 = color
   71 0000001C E28B9004        add              r9, r11, #0x04 ; Calcula @ base
                                                             de parametros
   72 00000020 E8990300        ldmia            r9, { r8 - r9 } ; r8, r9 = delt
                                                            a_columna, delta_fi
                                                            la
   73 00000024         
   74 00000024 E3A00000        mov              r0, #0      ; Devuelve 0 si no 
                                                            supera los condicio
                                                            nales
   75 00000028         
   76 00000028         ; if
   77 00000028         ;   !C4_fila_valida(fila) (! 1 <= fila <= NUM_FILAS)
   78 00000028 E3550001        cmp              r5, #1
   79 0000002C BA000014        blt              ba_return_zero
   80 00000030 E3550006        cmp              r5, #NUM_FILAS
   81 00000034 CA000012        bgt              ba_return_zero
   82 00000038         
   83 00000038         ;   !C4_columna_valida(columna)) (! 1 <= columna <= NUM_
                       COLUMNAS)
   84 00000038 E3560001        cmp              r6, #1
   85 0000003C BA000010        blt              ba_return_zero
   86 00000040 E3560007        cmp              r6, #NUM_COLUMNAS
   87 00000044 CA00000E        bgt              ba_return_zero
   88 00000048         



ARM Macro Assembler    Page 3 


   89 00000048         ;   Obtiene valor de celda en cuadricula[fila][columna]
   90 00000048 E084A185        add              r10, r4, r5, lsl #3 ; r10 = @cu
                                                            adricula[fila][0] (
                                                            @cuad + 8 * filas)
   91 0000004C E7DAA006        ldrb             r10, [r10, r6] ; r10 = *cuadric
                                                            ula[fila][columna]
   92 00000050         
   93 00000050         ;   celda_vacia(cuadricula[fila][columna]) ( celda & 0x0
                       4 == 0)
   94 00000050 E20A3004        and              r3, r10, #CELDA_VACIA
   95 00000054 E3530000        cmp              r3, #0
   96 00000058 0A000009        beq              ba_return_zero
   97 0000005C         
   98 0000005C         ;   celda_color(cuadricula[fila][columna] != ) ( celda &
                        0x03 != color)
   99 0000005C E20A3003        and              r3, r10, #CELDA_COLOR
  100 00000060 E1530007        cmp              r3, r7
  101 00000064 1A000006        bne              ba_return_zero
  102 00000068         
  103 00000068         ; Prepara llamada recursiva
  104 00000068 E1A00004        mov              r0, r4
  105 0000006C E0851008        add              r1, r5, r8  ; Avanza índices
  106 00000070 E0862009        add              r2, r6, r9
  107 00000074 E1A03007        mov              r3, r7
  108 00000078 E92D0300        stmdb            r13!, { r8 - r9 }
  109 0000007C         
  110 0000007C EBFFFFFE        bl               conecta4_buscar_alineamiento_ar
m
  111 00000080         
  112 00000080         ; Obtiene resultado y regresa
  113 00000080 E2800001        add              r0, r0, #1
  114 00000084         
  115 00000084 E91BAFF0 
                       ba_return_zero
                               ldmdb            r11, { r4 - r10, r11, r13, r15 
}
  116 00000088         
  117 00000088                 END
Command Line: --debug --xref --diag_suppress=9931 --apcs=interwork --depend=.\o
bjects\conecta4_buscar_alineamiento_arm.d -o.\objects\conecta4_buscar_alineamie
nto_arm.o -IC:\Keil_v5\ARM\RV31\INC -IC:\Keil_v5\ARM\CMSIS\Include -IC:\Keil_v5
\ARM\INC\Philips --predefine="__EVAL SETA 1" --predefine="__UVISION_VERSION SET
A 526" --list=.\listings\conecta4_buscar_alineamiento_arm.lst conecta4_buscar_a
lineamiento_arm.s



ARM Macro Assembler    Page 1 Alphabetic symbol ordering
Relocatable symbols

datos 00000000

Symbol: datos
   Definitions
      At line 14 in file conecta4_buscar_alineamiento_arm.s
   Uses
      None
Comment: datos unused
1 symbol



ARM Macro Assembler    Page 1 Alphabetic symbol ordering
Relocatable symbols

ba_return_zero 00000084

Symbol: ba_return_zero
   Definitions
      At line 115 in file conecta4_buscar_alineamiento_arm.s
   Uses
      At line 79 in file conecta4_buscar_alineamiento_arm.s
      At line 81 in file conecta4_buscar_alineamiento_arm.s
      At line 85 in file conecta4_buscar_alineamiento_arm.s
      At line 87 in file conecta4_buscar_alineamiento_arm.s
      At line 96 in file conecta4_buscar_alineamiento_arm.s
      At line 101 in file conecta4_buscar_alineamiento_arm.s

codigo 00000000

Symbol: codigo
   Definitions
      At line 30 in file conecta4_buscar_alineamiento_arm.s
   Uses
      None
Comment: codigo unused
conecta4_buscar_alineamiento_arm 00000000

Symbol: conecta4_buscar_alineamiento_arm
   Definitions
      At line 49 in file conecta4_buscar_alineamiento_arm.s
   Uses
      At line 32 in file conecta4_buscar_alineamiento_arm.s
      At line 110 in file conecta4_buscar_alineamiento_arm.s

3 symbols



ARM Macro Assembler    Page 1 Alphabetic symbol ordering
Absolute symbols

CELDA_COLOR 00000003

Symbol: CELDA_COLOR
   Definitions
      At line 25 in file conecta4_buscar_alineamiento_arm.s
   Uses
      At line 99 in file conecta4_buscar_alineamiento_arm.s
Comment: CELDA_COLOR used once
CELDA_VACIA 00000004

Symbol: CELDA_VACIA
   Definitions
      At line 24 in file conecta4_buscar_alineamiento_arm.s
   Uses
      At line 94 in file conecta4_buscar_alineamiento_arm.s
Comment: CELDA_VACIA used once
FALSE 00000000

Symbol: FALSE
   Definitions
      At line 27 in file conecta4_buscar_alineamiento_arm.s
   Uses
      None
Comment: FALSE unused
NUM_COLUMNAS 00000007

Symbol: NUM_COLUMNAS
   Definitions
      At line 18 in file conecta4_buscar_alineamiento_arm.s
   Uses
      At line 22 in file conecta4_buscar_alineamiento_arm.s
      At line 86 in file conecta4_buscar_alineamiento_arm.s

NUM_FILAS 00000006

Symbol: NUM_FILAS
   Definitions
      At line 17 in file conecta4_buscar_alineamiento_arm.s
   Uses
      At line 21 in file conecta4_buscar_alineamiento_arm.s
      At line 80 in file conecta4_buscar_alineamiento_arm.s

PADDING_COL 00000001

Symbol: PADDING_COL
   Definitions
      At line 20 in file conecta4_buscar_alineamiento_arm.s
   Uses
      At line 22 in file conecta4_buscar_alineamiento_arm.s
Comment: PADDING_COL used once
PADDING_FIL 00000001

Symbol: PADDING_FIL
   Definitions
      At line 19 in file conecta4_buscar_alineamiento_arm.s
   Uses
      At line 21 in file conecta4_buscar_alineamiento_arm.s
Comment: PADDING_FIL used once
TAM_COLS 00000008



ARM Macro Assembler    Page 2 Alphabetic symbol ordering
Absolute symbols


Symbol: TAM_COLS
   Definitions
      At line 22 in file conecta4_buscar_alineamiento_arm.s
   Uses
      None
Comment: TAM_COLS unused
TAM_FILS 00000007

Symbol: TAM_FILS
   Definitions
      At line 21 in file conecta4_buscar_alineamiento_arm.s
   Uses
      None
Comment: TAM_FILS unused
TRUE 00000001

Symbol: TRUE
   Definitions
      At line 28 in file conecta4_buscar_alineamiento_arm.s
   Uses
      None
Comment: TRUE unused
10 symbols
346 symbols in table
