


ARM Macro Assembler    Page 1 


    1 00000000         ;
    2 00000000         ;    Proyecto Hardware
    3 00000000         ;    Práctica 1
    4 00000000         ;
    5 00000000         ;    Fichero: conecta4_hay_linea_arm_arm_opt1.s
    6 00000000         ;
    7 00000000         ;    Autores:
    8 00000000         ;        Dorian Boleslaw Wozniak   (817570@unizar.es)
    9 00000000         ;        Pablo Latre Villacampa    (778543@unizar.es)
   10 00000000         ;
   11 00000000         ;    Descripción: Implementación de la función hay_linea
                        en código ensamblador
   12 00000000         ;     con llamada a buscar_alineamiento_arm_opt1
   13 00000000         
   14 00000000                 AREA             datos, DATA
   15 00000000         
   16 00000000 00000006 
                       NUM_FILAS
                               EQU              6
   17 00000000 00000007 
                       NUM_COLUMNAS
                               EQU              7
   18 00000000 00000001 
                       PADDING_FIL
                               EQU              1
   19 00000000 00000001 
                       PADDING_COL
                               EQU              1
   20 00000000 00000007 
                       TAM_FILS
                               EQU              NUM_FILAS + PADDING_FIL
   21 00000000 00000008 
                       TAM_COLS
                               EQU              NUM_COLUMNAS + PADDING_COL
   22 00000000         
   23 00000000 00000004 
                       CELDA_VACIA
                               EQU              0x04
   24 00000000 00000003 
                       CELDA_COLOR
                               EQU              0x03
   25 00000000         
   26 00000000 00000000 
                       FALSE   EQU              0
   27 00000000 00000001 
                       TRUE    EQU              1
   28 00000000         
   29 00000000 00 FF FF 
              01       deltas_fila
                               DCB              0, -1, -1, 1
   30 00000004 FF 00 FF 
              FF       deltas_columna
                               DCB              -1, 0, -1, -1
   31 00000008         
   32 00000008         
   33 00000008                 AREA             codigo, CODE
   34 00000000         
   35 00000000                 IMPORT           conecta4_buscar_alineamiento_ar
m_opt1



ARM Macro Assembler    Page 2 


   36 00000000                 PRESERVE8        {TRUE}
   37 00000000         
   38 00000000                 EXPORT           conecta4_hay_linea_arm_arm_opt1
   39 00000000         
   40 00000000         ;   Entrada:
   41 00000000         ;       r0 -> @cuadricula
   42 00000000         ;       r1 -> fila
   43 00000000         ;       r2 -> columna
   44 00000000         ;       r3 -> color
   45 00000000         ;
   46 00000000         ;   Salida
   47 00000000         ;       r0 <- >= 1 si hay linea, 0 si no hay linea
   48 00000000         ;
   49 00000000         ;   Descripción:
   50 00000000         ;  Devuelve verdad si ha encontrado una línea de celdas 
                       del mismo color al
   51 00000000         ;  dado de 4 celdas o más. En caso contrario, devueve fa
                       lso.
   52 00000000         conecta4_hay_linea_arm_arm_opt1
   53 00000000         ; Prologo
   54 00000000 E1A0C00D        mov              r12, r13
   55 00000004 E92DDFF0        stmdb            r13!, { r4 - r10, r11, r12, r14
, r15 }
   56 00000008 E24CB004        sub              r11, r12, #4
   57 0000000C         
   58 0000000C         ;   Bloque de activación:
   59 0000000C         ;
   60 0000000C         ;   SP  -> | r4 - r10          | hay_linea
   61 0000000C         ;          | FP anterior    |
   62 0000000C         ;          | SP anterior       |
   63 0000000C         ;          | LR anterior       |
   64 0000000C         ;   FP -> | PC anterior    |
   65 0000000C         ;          | ----------------- |
   66 0000000C         ;          |              | C4_verificar_4_en_linea
   67 0000000C         
   68 0000000C         ; Mueve parametros a registros variables
   69 0000000C E1A04000        mov              r4, r0      ; r4 = @cuadricula
   70 00000010 E1A05001        mov              r5, r1      ; r5 = fila
   71 00000014 E1A06002        mov              r6, r2      ; r6 = columna
   72 00000018 E1A07003        mov              r7, r3      ; r7 = color
   73 0000001C         
   74 0000001C         ; Inicializa variables del bucle
   75 0000001C E3A08000        mov              r8, #0      ; i              
   76 00000020 E3A09000        mov              r9, #0      ; linea
   77 00000024 E3A0A000        mov              r10, #0     ; long_linea
   78 00000028         
   79 00000028         ; for()
   80 00000028         ;   i < 4
   81 00000028 E3580004 
                       hl_for  cmp              r8, #4
   82 0000002C AA00001D        bge              hl_return
   83 00000030         ;   linea == FALSE
   84 00000030 E3590000        cmp              r9, #FALSE
   85 00000034 1A00001B        bne              hl_return
   86 00000038         
   87 00000038         ;   Obtiene deltas[i]
   88 00000038 E59F0070        LDR              r0, =deltas_fila
   89 0000003C E19000D8        ldrsb            r0, [r0, r8]
   90 00000040 E59F106C        LDR              r1, =deltas_columna



ARM Macro Assembler    Page 3 


   91 00000044 E19110D8        ldrsb            r1, [r1, r8]
   92 00000048         
   93 00000048         ;   Prepara primera llamada a buscar_alineamiento
   94 00000048 E92D0003        stmdb            r13!, {r0, r1}
   95 0000004C E1A00004        mov              r0, r4
   96 00000050 E1A01005        mov              r1, r5
   97 00000054 E1A02006        mov              r2, r6
   98 00000058 E1A03007        mov              r3, r7
   99 0000005C         
  100 0000005C EBFFFFFE        bl               conecta4_buscar_alineamiento_ar
m_opt1
  101 00000060         
  102 00000060         ;   linea = long_linea >= 4
  103 00000060 E1A0A000        mov              r10, r0
  104 00000064 E35A0004        cmp              r10, #4
  105 00000068 A3A09001        movge            r9, #TRUE
  106 0000006C AAFFFFED        bge              hl_for
  107 00000070         
  108 00000070         ;   Recupera y niega deltas
  109 00000070 E8BD0009        ldmia            r13!, { r0, r3 }
  110 00000074 E2600000        rsb              r0, r0, #0
  111 00000078 E2633000        rsb              r3, r3, #0
  112 0000007C         
  113 0000007C         ;   Prepara segunda llamada a buscar_alineamiento
  114 0000007C E0851000        add              r1, r5, r0
  115 00000080 E0862003        add              r2, r6, r3
  116 00000084 E92D0009        stmdb            r13!, { r0, r3 }
  117 00000088 E1A00004        mov              r0, r4
  118 0000008C E1A03007        mov              r3, r7
  119 00000090         
  120 00000090 EBFFFFFE        bl               conecta4_buscar_alineamiento_ar
m_opt1
  121 00000094         
  122 00000094         ;   linea = long_linea >= 4
  123 00000094 E08AA000        add              r10, r10, r0
  124 00000098 E35A0004        cmp              r10, #4
  125 0000009C A3A09001        movge            r9, #TRUE
  126 000000A0         
  127 000000A0         ;   i++
  128 000000A0 E2888001        add              r8, r8, #1
  129 000000A4         
  130 000000A4 EAFFFFDF        b                hl_for
  131 000000A8         
  132 000000A8 E1A00009 
                       hl_return
                               mov              r0, r9
  133 000000AC E91BAFF0        ldmdb            r11, { r4 - r10, r11, r13, r15 
}
  134 000000B0         
  135 000000B0                 END
              00000000 
              00000000 
Command Line: --debug --xref --diag_suppress=9931 --apcs=interwork --depend=.\o
bjects\conecta4_hay_linea_arm_arm_opt1.d -o.\objects\conecta4_hay_linea_arm_arm
_opt1.o -IC:\Keil_v5\ARM\RV31\INC -IC:\Keil_v5\ARM\CMSIS\Include -IC:\Keil_v5\A
RM\INC\Philips --predefine="__EVAL SETA 1" --predefine="__UVISION_VERSION SETA 
526" --list=.\listings\conecta4_hay_linea_arm_arm_opt1.lst conecta4_hay_linea_a
rm_arm_opt1.s



ARM Macro Assembler    Page 1 Alphabetic symbol ordering
Relocatable symbols

datos 00000000

Symbol: datos
   Definitions
      At line 14 in file conecta4_hay_linea_arm_arm_opt1.s
   Uses
      None
Comment: datos unused
deltas_columna 00000004

Symbol: deltas_columna
   Definitions
      At line 30 in file conecta4_hay_linea_arm_arm_opt1.s
   Uses
      At line 90 in file conecta4_hay_linea_arm_arm_opt1.s
Comment: deltas_columna used once
deltas_fila 00000000

Symbol: deltas_fila
   Definitions
      At line 29 in file conecta4_hay_linea_arm_arm_opt1.s
   Uses
      At line 88 in file conecta4_hay_linea_arm_arm_opt1.s
Comment: deltas_fila used once
3 symbols



ARM Macro Assembler    Page 1 Alphabetic symbol ordering
Relocatable symbols

codigo 00000000

Symbol: codigo
   Definitions
      At line 33 in file conecta4_hay_linea_arm_arm_opt1.s
   Uses
      None
Comment: codigo unused
conecta4_hay_linea_arm_arm_opt1 00000000

Symbol: conecta4_hay_linea_arm_arm_opt1
   Definitions
      At line 52 in file conecta4_hay_linea_arm_arm_opt1.s
   Uses
      At line 38 in file conecta4_hay_linea_arm_arm_opt1.s
Comment: conecta4_hay_linea_arm_arm_opt1 used once
hl_for 00000028

Symbol: hl_for
   Definitions
      At line 81 in file conecta4_hay_linea_arm_arm_opt1.s
   Uses
      At line 106 in file conecta4_hay_linea_arm_arm_opt1.s
      At line 130 in file conecta4_hay_linea_arm_arm_opt1.s

hl_return 000000A8

Symbol: hl_return
   Definitions
      At line 132 in file conecta4_hay_linea_arm_arm_opt1.s
   Uses
      At line 82 in file conecta4_hay_linea_arm_arm_opt1.s
      At line 85 in file conecta4_hay_linea_arm_arm_opt1.s

4 symbols



ARM Macro Assembler    Page 1 Alphabetic symbol ordering
Absolute symbols

CELDA_COLOR 00000003

Symbol: CELDA_COLOR
   Definitions
      At line 24 in file conecta4_hay_linea_arm_arm_opt1.s
   Uses
      None
Comment: CELDA_COLOR unused
CELDA_VACIA 00000004

Symbol: CELDA_VACIA
   Definitions
      At line 23 in file conecta4_hay_linea_arm_arm_opt1.s
   Uses
      None
Comment: CELDA_VACIA unused
FALSE 00000000

Symbol: FALSE
   Definitions
      At line 26 in file conecta4_hay_linea_arm_arm_opt1.s
   Uses
      At line 84 in file conecta4_hay_linea_arm_arm_opt1.s
Comment: FALSE used once
NUM_COLUMNAS 00000007

Symbol: NUM_COLUMNAS
   Definitions
      At line 17 in file conecta4_hay_linea_arm_arm_opt1.s
   Uses
      At line 21 in file conecta4_hay_linea_arm_arm_opt1.s
Comment: NUM_COLUMNAS used once
NUM_FILAS 00000006

Symbol: NUM_FILAS
   Definitions
      At line 16 in file conecta4_hay_linea_arm_arm_opt1.s
   Uses
      At line 20 in file conecta4_hay_linea_arm_arm_opt1.s
Comment: NUM_FILAS used once
PADDING_COL 00000001

Symbol: PADDING_COL
   Definitions
      At line 19 in file conecta4_hay_linea_arm_arm_opt1.s
   Uses
      At line 21 in file conecta4_hay_linea_arm_arm_opt1.s
Comment: PADDING_COL used once
PADDING_FIL 00000001

Symbol: PADDING_FIL
   Definitions
      At line 18 in file conecta4_hay_linea_arm_arm_opt1.s
   Uses
      At line 20 in file conecta4_hay_linea_arm_arm_opt1.s
Comment: PADDING_FIL used once
TAM_COLS 00000008

Symbol: TAM_COLS



ARM Macro Assembler    Page 2 Alphabetic symbol ordering
Absolute symbols

   Definitions
      At line 21 in file conecta4_hay_linea_arm_arm_opt1.s
   Uses
      None
Comment: TAM_COLS unused
TAM_FILS 00000007

Symbol: TAM_FILS
   Definitions
      At line 20 in file conecta4_hay_linea_arm_arm_opt1.s
   Uses
      None
Comment: TAM_FILS unused
TRUE 00000001

Symbol: TRUE
   Definitions
      At line 27 in file conecta4_hay_linea_arm_arm_opt1.s
   Uses
      At line 105 in file conecta4_hay_linea_arm_arm_opt1.s
      At line 125 in file conecta4_hay_linea_arm_arm_opt1.s

10 symbols



ARM Macro Assembler    Page 1 Alphabetic symbol ordering
External symbols

conecta4_buscar_alineamiento_arm_opt1 00000000

Symbol: conecta4_buscar_alineamiento_arm_opt1
   Definitions
      At line 35 in file conecta4_hay_linea_arm_arm_opt1.s
   Uses
      At line 100 in file conecta4_hay_linea_arm_arm_opt1.s
      At line 120 in file conecta4_hay_linea_arm_arm_opt1.s

1 symbol
352 symbols in table
