


ARM Macro Assembler    Page 1 


    1 00000000         ;
    2 00000000         ;    Proyecto Hardware
    3 00000000         ;    Práctica 1
    4 00000000         ;
    5 00000000         ;    Fichero: conecta4_hay_linea_arm_arm.s
    6 00000000         ;
    7 00000000         ;    Autores:
    8 00000000         ;        Dorian Boleslaw Wozniak   (817570@unizar.es)
    9 00000000         ;        Pablo Latre Villacampa    (778543@unizar.es)
   10 00000000         ;
   11 00000000         ;    Descripción: Implementación de la función hay_li
                       nea en código ensamblador
   12 00000000         ;     basada en la implementación dada en conecta4_2022
                       .c
   13 00000000         ;     con llamada a buscar_alineamiento_arm
   14 00000000         
   15 00000000                 AREA             datos, DATA
   16 00000000         
   17 00000000 00000006 
                       NUM_FILAS
                               EQU              6
   18 00000000 00000007 
                       NUM_COLUMNAS
                               EQU              7
   19 00000000 00000001 
                       PADDING_FIL
                               EQU              1
   20 00000000 00000001 
                       PADDING_COL
                               EQU              1
   21 00000000 00000007 
                       TAM_FILS
                               EQU              NUM_FILAS + PADDING_FIL
   22 00000000 00000008 
                       TAM_COLS
                               EQU              NUM_COLUMNAS + PADDING_COL
   23 00000000         
   24 00000000 00000004 
                       CELDA_VACIA
                               EQU              0x04
   25 00000000 00000003 
                       CELDA_COLOR
                               EQU              0x03
   26 00000000         
   27 00000000 00000000 
                       FALSE   EQU              0
   28 00000000 00000001 
                       TRUE    EQU              1
   29 00000000         
   30 00000000 00 FF FF 
              01       deltas_fila
                               DCB              0, -1, -1, 1
   31 00000004 FF 00 FF 
              FF       deltas_columna
                               DCB              -1, 0, -1, -1
   32 00000008         
   33 00000008         
   34 00000008                 AREA             codigo, CODE
   35 00000000         



ARM Macro Assembler    Page 2 


   36 00000000                 IMPORT           conecta4_buscar_alineamiento_ar
m
   37 00000000                 PRESERVE8        {TRUE}
   38 00000000         
   39 00000000                 EXPORT           conecta4_hay_linea_arm_arm
   40 00000000         
   41 00000000         ;   Entrada:
   42 00000000         ;       r0 -> @cuadricula
   43 00000000         ;       r1 -> fila
   44 00000000         ;       r2 -> columna
   45 00000000         ;       r3 -> color
   46 00000000         ;
   47 00000000         ;   Salida
   48 00000000         ;       r0 <- >= 1 si hay linea, 0 si no hay linea
   49 00000000         ;
   50 00000000         ;   Descripción:
   51 00000000         ;  Devuelve verdad si ha encontrado una línea de celdas
                        del mismo color al
   52 00000000         ;  dado de 4 celdas o más. En caso contrario, devueve f
                       also.
   53 00000000         conecta4_hay_linea_arm_arm
   54 00000000         ; Prologo
   55 00000000 E1A0C00D        mov              r12, r13
   56 00000004 E92DDFF0        stmdb            r13!, { r4 - r10, r11, r12, r14
, r15 }
   57 00000008 E24CB004        sub              r11, r12, #4
   58 0000000C         
   59 0000000C         ;   Bloque de activación:
   60 0000000C         ;
   61 0000000C         ;   SP  -> | r4 - r10          | hay_linea
   62 0000000C         ;          | FP anterior    |
   63 0000000C         ;          | SP anterior       |
   64 0000000C         ;          | LR anterior       |
   65 0000000C         ;   FP -> | PC anterior    |
   66 0000000C         ;          | ----------------- |
   67 0000000C         ;          |              | C4_verificar_4_en_linea
   68 0000000C         
   69 0000000C         ; Mueve parametros a registros variables
   70 0000000C E1A04000        mov              r4, r0      ; r4 = @cuadricula
   71 00000010 E1A05001        mov              r5, r1      ; r5 = fila
   72 00000014 E1A06002        mov              r6, r2      ; r6 = columna
   73 00000018 E1A07003        mov              r7, r3      ; r7 = color
   74 0000001C         
   75 0000001C         ; Inicializa variables del bucle
   76 0000001C E3A08000        mov              r8, #0      ; i              
   77 00000020 E3A09000        mov              r9, #0      ; linea
   78 00000024 E3A0A000        mov              r10, #0     ; long_linea
   79 00000028         
   80 00000028         ; for()
   81 00000028         ;   i < 4
   82 00000028 E3580004 
                       hl_for  cmp              r8, #4
   83 0000002C AA00001D        bge              hl_return
   84 00000030         ;   linea == FALSE
   85 00000030 E3590000        cmp              r9, #FALSE
   86 00000034 1A00001B        bne              hl_return
   87 00000038         
   88 00000038         ;   Obtiene deltas[i]
   89 00000038 E59F0070        LDR              r0, =deltas_fila



ARM Macro Assembler    Page 3 


   90 0000003C E19000D8        ldrsb            r0, [r0, r8]
   91 00000040 E59F106C        LDR              r1, =deltas_columna
   92 00000044 E19110D8        ldrsb            r1, [r1, r8]
   93 00000048         
   94 00000048         ;   Prepara primera llamada a buscar_alineamiento
   95 00000048 E92D0003        stmdb            r13!, {r0, r1}
   96 0000004C E1A00004        mov              r0, r4
   97 00000050 E1A01005        mov              r1, r5
   98 00000054 E1A02006        mov              r2, r6
   99 00000058 E1A03007        mov              r3, r7
  100 0000005C         
  101 0000005C EBFFFFFE        bl               conecta4_buscar_alineamiento_ar
m
  102 00000060         
  103 00000060         ;   linea = long_linea >= 4
  104 00000060 E1A0A000        mov              r10, r0
  105 00000064 E35A0004        cmp              r10, #4
  106 00000068 A3A09001        movge            r9, #TRUE
  107 0000006C AAFFFFED        bge              hl_for
  108 00000070         
  109 00000070         ;   Recupera y niega deltas
  110 00000070 E8BD0009        ldmia            r13!, { r0, r3 }
  111 00000074 E2600000        rsb              r0, r0, #0
  112 00000078 E2633000        rsb              r3, r3, #0
  113 0000007C         
  114 0000007C         ;   Prepara segunda llamada a buscar_alineamiento
  115 0000007C E0851000        add              r1, r5, r0
  116 00000080 E0862003        add              r2, r6, r3
  117 00000084 E92D0009        stmdb            r13!, { r0, r3 }
  118 00000088 E1A00004        mov              r0, r4
  119 0000008C E1A03007        mov              r3, r7
  120 00000090         
  121 00000090 EBFFFFFE        bl               conecta4_buscar_alineamiento_ar
m
  122 00000094         
  123 00000094         ;   linea = long_linea >= 4
  124 00000094 E08AA000        add              r10, r10, r0
  125 00000098 E35A0004        cmp              r10, #4
  126 0000009C A3A09001        movge            r9, #TRUE
  127 000000A0         
  128 000000A0         ;   i++
  129 000000A0 E2888001        add              r8, r8, #1
  130 000000A4         
  131 000000A4 EAFFFFDF        b                hl_for
  132 000000A8         
  133 000000A8 E1A00009 
                       hl_return
                               mov              r0, r9
  134 000000AC E91BAFF0        ldmdb            r11, { r4 - r10, r11, r13, r15 
}
  135 000000B0         
  136 000000B0                 END
              00000000 
              00000000 
Command Line: --debug --xref --diag_suppress=9931 --apcs=interwork --depend=.\o
bjects\conecta4_hay_linea_arm_arm.d -o.\objects\conecta4_hay_linea_arm_arm.o -I
C:\Keil_v5\ARM\RV31\INC -IC:\Keil_v5\ARM\CMSIS\Include -IC:\Keil_v5\ARM\INC\Phi
lips --predefine="__EVAL SETA 1" --predefine="__UVISION_VERSION SETA 526" --lis
t=.\listings\conecta4_hay_linea_arm_arm.lst conecta4_hay_linea_arm_arm.s



ARM Macro Assembler    Page 1 Alphabetic symbol ordering
Relocatable symbols

datos 00000000

Symbol: datos
   Definitions
      At line 15 in file conecta4_hay_linea_arm_arm.s
   Uses
      None
Comment: datos unused
deltas_columna 00000004

Symbol: deltas_columna
   Definitions
      At line 31 in file conecta4_hay_linea_arm_arm.s
   Uses
      At line 91 in file conecta4_hay_linea_arm_arm.s
Comment: deltas_columna used once
deltas_fila 00000000

Symbol: deltas_fila
   Definitions
      At line 30 in file conecta4_hay_linea_arm_arm.s
   Uses
      At line 89 in file conecta4_hay_linea_arm_arm.s
Comment: deltas_fila used once
3 symbols



ARM Macro Assembler    Page 1 Alphabetic symbol ordering
Relocatable symbols

codigo 00000000

Symbol: codigo
   Definitions
      At line 34 in file conecta4_hay_linea_arm_arm.s
   Uses
      None
Comment: codigo unused
conecta4_hay_linea_arm_arm 00000000

Symbol: conecta4_hay_linea_arm_arm
   Definitions
      At line 53 in file conecta4_hay_linea_arm_arm.s
   Uses
      At line 39 in file conecta4_hay_linea_arm_arm.s
Comment: conecta4_hay_linea_arm_arm used once
hl_for 00000028

Symbol: hl_for
   Definitions
      At line 82 in file conecta4_hay_linea_arm_arm.s
   Uses
      At line 107 in file conecta4_hay_linea_arm_arm.s
      At line 131 in file conecta4_hay_linea_arm_arm.s

hl_return 000000A8

Symbol: hl_return
   Definitions
      At line 133 in file conecta4_hay_linea_arm_arm.s
   Uses
      At line 83 in file conecta4_hay_linea_arm_arm.s
      At line 86 in file conecta4_hay_linea_arm_arm.s

4 symbols



ARM Macro Assembler    Page 1 Alphabetic symbol ordering
Absolute symbols

CELDA_COLOR 00000003

Symbol: CELDA_COLOR
   Definitions
      At line 25 in file conecta4_hay_linea_arm_arm.s
   Uses
      None
Comment: CELDA_COLOR unused
CELDA_VACIA 00000004

Symbol: CELDA_VACIA
   Definitions
      At line 24 in file conecta4_hay_linea_arm_arm.s
   Uses
      None
Comment: CELDA_VACIA unused
FALSE 00000000

Symbol: FALSE
   Definitions
      At line 27 in file conecta4_hay_linea_arm_arm.s
   Uses
      At line 85 in file conecta4_hay_linea_arm_arm.s
Comment: FALSE used once
NUM_COLUMNAS 00000007

Symbol: NUM_COLUMNAS
   Definitions
      At line 18 in file conecta4_hay_linea_arm_arm.s
   Uses
      At line 22 in file conecta4_hay_linea_arm_arm.s
Comment: NUM_COLUMNAS used once
NUM_FILAS 00000006

Symbol: NUM_FILAS
   Definitions
      At line 17 in file conecta4_hay_linea_arm_arm.s
   Uses
      At line 21 in file conecta4_hay_linea_arm_arm.s
Comment: NUM_FILAS used once
PADDING_COL 00000001

Symbol: PADDING_COL
   Definitions
      At line 20 in file conecta4_hay_linea_arm_arm.s
   Uses
      At line 22 in file conecta4_hay_linea_arm_arm.s
Comment: PADDING_COL used once
PADDING_FIL 00000001

Symbol: PADDING_FIL
   Definitions
      At line 19 in file conecta4_hay_linea_arm_arm.s
   Uses
      At line 21 in file conecta4_hay_linea_arm_arm.s
Comment: PADDING_FIL used once
TAM_COLS 00000008

Symbol: TAM_COLS



ARM Macro Assembler    Page 2 Alphabetic symbol ordering
Absolute symbols

   Definitions
      At line 22 in file conecta4_hay_linea_arm_arm.s
   Uses
      None
Comment: TAM_COLS unused
TAM_FILS 00000007

Symbol: TAM_FILS
   Definitions
      At line 21 in file conecta4_hay_linea_arm_arm.s
   Uses
      None
Comment: TAM_FILS unused
TRUE 00000001

Symbol: TRUE
   Definitions
      At line 28 in file conecta4_hay_linea_arm_arm.s
   Uses
      At line 106 in file conecta4_hay_linea_arm_arm.s
      At line 126 in file conecta4_hay_linea_arm_arm.s

10 symbols



ARM Macro Assembler    Page 1 Alphabetic symbol ordering
External symbols

conecta4_buscar_alineamiento_arm 00000000

Symbol: conecta4_buscar_alineamiento_arm
   Definitions
      At line 36 in file conecta4_hay_linea_arm_arm.s
   Uses
      At line 101 in file conecta4_hay_linea_arm_arm.s
      At line 121 in file conecta4_hay_linea_arm_arm.s

1 symbol
352 symbols in table
