
SQL*Loader: Release 19.0.0.0.0 - Production on Mon Apr 4 01:58:53 2022
Version 19.5.0.0.0

Copyright (c) 1982, 2019, Oracle and/or its affiliates.  All rights reserved.

Control File:   ./estadios/insert_estadio.ctl
Data File:      ./estadios/estadio.csv
  Bad File:     ./estadios/estadio.bad
  Discard File:  none specified
 
 (Allow all discards)

Number to load: ALL
Number to skip: 0
Errors allowed: 50
Bind array:     250 rows, maximum of 1048576 bytes
Continuation:    none specified
Path used:      Conventional

Table ESTADIO, loaded from every logical record.
Insert option in effect for this table: INSERT

   Column Name                  Position   Len  Term Encl Datatype
------------------------------ ---------- ----- ---- ---- ---------------------
CLVESTADIO                          FIRST     *   ,  O(') CHARACTER            
CAPACIDAD                            NEXT     *   ,  O(') CHARACTER            
INAUGURACION                         NEXT     *   ,  O(') CHARACTER            


Table ESTADIO:
  102 Rows successfully loaded.
  0 Rows not loaded due to data errors.
  0 Rows not loaded because all WHEN clauses were failed.
  0 Rows not loaded because all fields were null.


Space allocated for bind array:                 193500 bytes(250 rows)
Read   buffer bytes: 1048576

Total logical records skipped:          0
Total logical records read:           102
Total logical records rejected:         0
Total logical records discarded:        0

Run began on Mon Apr 04 01:58:53 2022
Run ended on Mon Apr 04 01:59:04 2022

Elapsed time was:     00:00:11.40
CPU time was:         00:00:00.02
