
SQL*Loader: Release 19.0.0.0.0 - Production on Mon Apr 4 01:59:23 2022
Version 19.5.0.0.0

Copyright (c) 1982, 2019, Oracle and/or its affiliates.  All rights reserved.

Control File:   ./partidos/insert_partido.ctl
Data File:      ./partidos/partido.csv
  Bad File:     ./partidos/partido.bad
  Discard File:  none specified
 
 (Allow all discards)

Number to load: ALL
Number to skip: 0
Errors allowed: 50
Bind array:     250 rows, maximum of 1048576 bytes
Continuation:    none specified
Path used:      Conventional

Table PARTIDO, loaded from every logical record.
Insert option in effect for this table: INSERT

   Column Name                  Position   Len  Term Encl Datatype
------------------------------ ---------- ----- ---- ---- ---------------------
CLVPARTIDO                          FIRST     *   ,  O(') CHARACTER            
RESLOCAL                             NEXT     *   ,  O(') CHARACTER            
RESVISIT                             NEXT     *   ,  O(') CHARACTER            
CLVJORNADA                           NEXT     *   ,  O(') CHARACTER            
CLVEQLOCAL                           NEXT     *   ,  O(') CHARACTER            
CLVEQVISIT                           NEXT     *   ,  O(') CHARACTER            


Table PARTIDO:
  33888 Rows successfully loaded.
  0 Rows not loaded due to data errors.
  0 Rows not loaded because all WHEN clauses were failed.
  0 Rows not loaded because all fields were null.


Space allocated for bind array:                 387000 bytes(250 rows)
Read   buffer bytes: 1048576

Total logical records skipped:          0
Total logical records read:         33888
Total logical records rejected:         0
Total logical records discarded:        0

Run began on Mon Apr 04 01:59:23 2022
Run ended on Mon Apr 04 01:59:52 2022

Elapsed time was:     00:00:28.75
CPU time was:         00:00:00.09
