
SQL*Loader: Release 19.0.0.0.0 - Production on Mon Apr 4 01:58:42 2022
Version 19.5.0.0.0

Copyright (c) 1982, 2019, Oracle and/or its affiliates.  All rights reserved.

Control File:   ./jornadas/insert_jornada.ctl
Data File:      ./jornadas/jornada.csv
  Bad File:     ./jornadas/jornada.bad
  Discard File:  none specified
 
 (Allow all discards)

Number to load: ALL
Number to skip: 0
Errors allowed: 50
Bind array:     250 rows, maximum of 1048576 bytes
Continuation:    none specified
Path used:      Conventional

Table JORNADA, loaded from every logical record.
Insert option in effect for this table: INSERT

   Column Name                  Position   Len  Term Encl Datatype
------------------------------ ---------- ----- ---- ---- ---------------------
CLVJORNADA                          FIRST     *   ,  O(') CHARACTER            
NUMERO                               NEXT     *   ,  O(') CHARACTER            
CLVTEMPORADA                         NEXT     *   ,  O(') CHARACTER            


Table JORNADA:
  3471 Rows successfully loaded.
  0 Rows not loaded due to data errors.
  0 Rows not loaded because all WHEN clauses were failed.
  0 Rows not loaded because all fields were null.


Space allocated for bind array:                 193500 bytes(250 rows)
Read   buffer bytes: 1048576

Total logical records skipped:          0
Total logical records read:          3471
Total logical records rejected:         0
Total logical records discarded:        0

Run began on Mon Apr 04 01:58:42 2022
Run ended on Mon Apr 04 01:58:53 2022

Elapsed time was:     00:00:11.18
CPU time was:         00:00:00.04
